<?xml version="1.0" encoding="UTF-8"?>
<robot generator="Robot 3.2.2 (Python 3.7.6 on darwin)" generated="20201101 15:53:09.442" rpa="false">
<suite id="s1" name="trueStore purchase test" source="/Users/coolwebs/www/Python Projects/ecomRobo/Tests/trueStore_purchase_test.robot">
<test id="s1-t1" name="Open site and navigate to online shop">
<kw name="Open Browser" library="SeleniumLibrary">
<doc>Opens a new browser instance to the optional ``url``.</doc>
<arguments>
<arg>${URL}</arg>
<arg>${BROWSER}</arg>
</arguments>
<msg timestamp="20201101 15:53:09.968" level="INFO">Opening browser 'chrome' to base url 'https://truemoveh.truecorp.co.th'.</msg>
<status status="PASS" starttime="20201101 15:53:09.968" endtime="20201101 15:53:16.468"></status>
</kw>
<kw name="Maximize Browser Window" library="SeleniumLibrary">
<doc>Maximizes current browser window.</doc>
<status status="PASS" starttime="20201101 15:53:16.471" endtime="20201101 15:53:16.902"></status>
</kw>
<kw name="Wait Until Page Contains" library="SeleniumLibrary">
<doc>Waits until ``text`` appears on the current page.</doc>
<arguments>
<arg>สั่งซื้อออนไลน์</arg>
</arguments>
<status status="PASS" starttime="20201101 15:53:16.903" endtime="20201101 15:53:17.083"></status>
</kw>
<kw name="Mouse Over" library="SeleniumLibrary">
<doc>Simulates hovering the mouse over the element ``locator``.</doc>
<arguments>
<arg>xpath=/html/body/section[1]/header/nav/nav/ul/li[4]/a</arg>
</arguments>
<msg timestamp="20201101 15:53:17.085" level="INFO">Simulating Mouse Over on element 'xpath=/html/body/section[1]/header/nav/nav/ul/li[4]/a'.</msg>
<status status="PASS" starttime="20201101 15:53:17.084" endtime="20201101 15:53:17.465"></status>
</kw>
<kw name="Click Link" library="SeleniumLibrary">
<doc>Clicks a link identified by ``locator``.</doc>
<arguments>
<arg>xpath=/html/body/section[1]/header/nav/nav/ul/li[4]/div/ul/li[1]/a</arg>
</arguments>
<msg timestamp="20201101 15:53:17.468" level="INFO">Clicking link 'xpath=/html/body/section[1]/header/nav/nav/ul/li[4]/div/ul/li[1]/a'.</msg>
<status status="PASS" starttime="20201101 15:53:17.466" endtime="20201101 15:53:18.052"></status>
</kw>
<kw name="Wait Until Page Contains" library="SeleniumLibrary">
<doc>Waits until ``text`` appears on the current page.</doc>
<arguments>
<arg>หมวดหมู่สินค้า</arg>
</arguments>
<status status="PASS" starttime="20201101 15:53:18.053" endtime="20201101 15:53:19.139"></status>
</kw>
<status status="PASS" starttime="20201101 15:53:09.967" endtime="20201101 15:53:19.140" critical="yes"></status>
</test>
<test id="s1-t2" name="Search for iPhone 11 product and view">
<kw name="Click Element" library="SeleniumLibrary">
<doc>Click the element identified by ``locator``.</doc>
<arguments>
<arg>xpath=/html/body/div[2]/div[3]/div/div[3]/div/div[1]/div[2]/div[2]/div[2]/div[2]/div[2]</arg>
</arguments>
<msg timestamp="20201101 15:53:19.149" level="INFO">Clicking element 'xpath=/html/body/div[2]/div[3]/div/div[3]/div/div[1]/div[2]/div[2]/div[2]/div[2]/div[2]'.</msg>
<status status="PASS" starttime="20201101 15:53:19.148" endtime="20201101 15:53:19.332"></status>
</kw>
<kw name="Sleep" library="BuiltIn">
<doc>Pauses the test executed for the given time.</doc>
<arguments>
<arg>3s</arg>
</arguments>
<msg timestamp="20201101 15:53:22.335" level="INFO">Slept 3 seconds</msg>
<status status="PASS" starttime="20201101 15:53:19.334" endtime="20201101 15:53:22.336"></status>
</kw>
<kw name="Click Image" library="SeleniumLibrary">
<doc>Clicks an image identified by ``locator``.</doc>
<arguments>
<arg>iPhone 11 Pro (64GB)</arg>
</arguments>
<msg timestamp="20201101 15:53:22.338" level="INFO">Clicking image 'iPhone 11 Pro (64GB)'.</msg>
<status status="PASS" starttime="20201101 15:53:22.337" endtime="20201101 15:53:22.516"></status>
</kw>
<kw name="Wait Until Page Contains" library="SeleniumLibrary">
<doc>Waits until ``text`` appears on the current page.</doc>
<arguments>
<arg>iPhone 11 Pro (64GB)</arg>
</arguments>
<status status="PASS" starttime="20201101 15:53:22.517" endtime="20201101 15:53:22.597"></status>
</kw>
<kw name="Sleep" library="BuiltIn">
<doc>Pauses the test executed for the given time.</doc>
<arguments>
<arg>3s</arg>
</arguments>
<msg timestamp="20201101 15:53:25.598" level="INFO">Slept 3 seconds</msg>
<status status="PASS" starttime="20201101 15:53:22.598" endtime="20201101 15:53:25.599"></status>
</kw>
<status status="PASS" starttime="20201101 15:53:19.146" endtime="20201101 15:53:25.600" critical="yes"></status>
</test>
<test id="s1-t3" name="Add iPhone11 to cart checkout">
<kw name="Click Element" library="SeleniumLibrary">
<doc>Click the element identified by ``locator``.</doc>
<arguments>
<arg>xpath=/html/body/div[2]/div[3]/div/div[1]/div/div[2]/div[2]/div/div[7]/div[2]/button</arg>
</arguments>
<msg timestamp="20201101 15:53:25.607" level="INFO">Clicking element 'xpath=/html/body/div[2]/div[3]/div/div[1]/div/div[2]/div[2]/div/div[7]/div[2]/button'.</msg>
<status status="PASS" starttime="20201101 15:53:25.607" endtime="20201101 15:53:25.689"></status>
</kw>
<kw name="Wait Until Page Contains" library="SeleniumLibrary">
<doc>Waits until ``text`` appears on the current page.</doc>
<arguments>
<arg>ขั้นตอนการสั่งซื้อ</arg>
<arg>timeout=10</arg>
</arguments>
<status status="PASS" starttime="20201101 15:53:25.690" endtime="20201101 15:53:27.238"></status>
</kw>
<kw name="Sleep" library="BuiltIn">
<doc>Pauses the test executed for the given time.</doc>
<arguments>
<arg>10s</arg>
</arguments>
<msg timestamp="20201101 15:53:37.241" level="INFO">Slept 10 seconds</msg>
<status status="PASS" starttime="20201101 15:53:27.238" endtime="20201101 15:53:37.242"></status>
</kw>
<kw name="Click Element" library="SeleniumLibrary">
<doc>Click the element identified by ``locator``.</doc>
<arguments>
<arg>xpath=/html/body/div[2]/div[3]/div/div[4]/div[2]/div/div[2]/div[2]/button</arg>
</arguments>
<msg timestamp="20201101 15:53:37.243" level="INFO">Clicking element 'xpath=/html/body/div[2]/div[3]/div/div[4]/div[2]/div/div[2]/div[2]/button'.</msg>
<status status="PASS" starttime="20201101 15:53:37.243" endtime="20201101 15:53:37.296"></status>
</kw>
<kw name="Sleep" library="BuiltIn">
<doc>Pauses the test executed for the given time.</doc>
<arguments>
<arg>10s</arg>
</arguments>
<msg timestamp="20201101 15:53:47.298" level="INFO">Slept 10 seconds</msg>
<status status="PASS" starttime="20201101 15:53:37.297" endtime="20201101 15:53:47.299"></status>
</kw>
<kw name="Click Element" library="SeleniumLibrary">
<doc>Click the element identified by ``locator``.</doc>
<arguments>
<arg>xpath=/html/body/div[2]/div[3]/div/div[4]/div[1]/div[1]/div/div/button[2]</arg>
</arguments>
<msg timestamp="20201101 15:53:47.301" level="INFO">Clicking element 'xpath=/html/body/div[2]/div[3]/div/div[4]/div[1]/div[1]/div/div/button[2]'.</msg>
<status status="PASS" starttime="20201101 15:53:47.300" endtime="20201101 15:53:47.376"></status>
</kw>
<kw name="Wait Until Page Contains" library="SeleniumLibrary">
<doc>Waits until ``text`` appears on the current page.</doc>
<arguments>
<arg>ขั้นตอนการสั่งซื้อ</arg>
<arg>timeout=10</arg>
</arguments>
<status status="PASS" starttime="20201101 15:53:47.377" endtime="20201101 15:53:47.404"></status>
</kw>
<kw name="Sleep" library="BuiltIn">
<doc>Pauses the test executed for the given time.</doc>
<arguments>
<arg>10s</arg>
</arguments>
<msg timestamp="20201101 15:53:57.407" level="INFO">Slept 10 seconds</msg>
<status status="PASS" starttime="20201101 15:53:47.405" endtime="20201101 15:53:57.408"></status>
</kw>
<kw name="Close Browser" library="SeleniumLibrary" type="teardown">
<doc>Closes the current browser.</doc>
<status status="PASS" starttime="20201101 15:53:57.409" endtime="20201101 15:53:57.619"></status>
</kw>
<status status="PASS" starttime="20201101 15:53:25.606" endtime="20201101 15:53:57.620" critical="yes"></status>
</test>
<doc>A resource file with reusable keywords and variables.

The system specific keywords created here form our own
domain specific language. They utilize keywords provided
by the imported SeleniumLibrary.</doc>
<status status="PASS" starttime="20201101 15:53:09.554" endtime="20201101 15:53:57.624"></status>
</suite>
<statistics>
<total>
<stat pass="3" fail="0">Critical Tests</stat>
<stat pass="3" fail="0">All Tests</stat>
</total>
<tag>
</tag>
<suite>
<stat pass="3" fail="0" id="s1" name="trueStore purchase test">trueStore purchase test</stat>
</suite>
</statistics>
<errors>
</errors>
</robot>
